0 info it worked if it ends with ok
1 verbose cli [ 'T:\\Work\\Tools\\nodejs\\node.exe',
1 verbose cli   'T:\\Work\\Tools\\nodejs\\node_modules\\npm\\bin\\npm-cli.js',
1 verbose cli   'run-script',
1 verbose cli   'npm',
1 verbose cli   'run',
1 verbose cli   'nodemon' ]
2 info using npm@3.10.3
3 info using node@v6.7.0
4 verbose stack Error: missing script: npm
4 verbose stack     at run (T:\Work\Tools\nodejs\node_modules\npm\lib\run-script.js:151:19)
4 verbose stack     at T:\Work\Tools\nodejs\node_modules\npm\lib\run-script.js:61:5
4 verbose stack     at T:\Work\Tools\nodejs\node_modules\npm\node_modules\read-package-json\read-json.js:356:5
4 verbose stack     at checkBinReferences_ (T:\Work\Tools\nodejs\node_modules\npm\node_modules\read-package-json\read-json.js:320:45)
4 verbose stack     at final (T:\Work\Tools\nodejs\node_modules\npm\node_modules\read-package-json\read-json.js:354:3)
4 verbose stack     at then (T:\Work\Tools\nodejs\node_modules\npm\node_modules\read-package-json\read-json.js:124:5)
4 verbose stack     at T:\Work\Tools\nodejs\node_modules\npm\node_modules\read-package-json\read-json.js:311:12
4 verbose stack     at T:\Work\Tools\nodejs\node_modules\npm\node_modules\graceful-fs\graceful-fs.js:78:16
4 verbose stack     at tryToString (fs.js:455:3)
4 verbose stack     at FSReqWrap.readFileAfterClose [as oncomplete] (fs.js:442:12)
5 verbose cwd T:\Work\Software Projects\FPG NY\scrumello-ninja
6 error Windows_NT 10.0.14393
7 error argv "T:\\Work\\Tools\\nodejs\\node.exe" "T:\\Work\\Tools\\nodejs\\node_modules\\npm\\bin\\npm-cli.js" "run-script" "npm" "run" "nodemon"
8 error node v6.7.0
9 error npm  v3.10.3
10 error missing script: npm
11 error If you need help, you may report this error at:
11 error     <https://github.com/npm/npm/issues>
12 verbose exit [ 1, true ]
